Building DAG of jobs...
Using shell: /bin/bash
Provided cores: 1
Rules claiming more threads will be scaled down.
Job counts:
	count	jobs
	1	blast
	1	results
	2

[Fri Oct 19 16:23:42 2018]
Job 1: <-- Starting blast -->

[Fri Oct 19 16:24:40 2018]
Finished job 1.
1 of 2 steps (50%) done

[Fri Oct 19 16:24:40 2018]
Job 0: <-- Building an aesthetic overview -->

[Fri Oct 19 16:24:40 2018]
Finished job 0.
2 of 2 steps (100%) done
Complete log: /home/thomas/Desktop/Snakemake/.snakemake/log/2018-10-19T162342.873915.snakemake.log
