Building DAG of jobs...
Using shell: /bin/bash
Provided cores: 1
Rules claiming more threads will be scaled down.
Job counts:
	count	jobs
	1	blast
	1	select_fasta
	2

[Sat Oct 20 13:25:49 2018]
Job 1: <-- Starting file stream from root -->

[Sat Oct 20 13:25:58 2018]
Finished job 1.
1 of 2 steps (50%) done

[Sat Oct 20 13:25:58 2018]
Job 0: <-- Starting blast -->

[Sat Oct 20 13:26:58 2018]
Finished job 0.
2 of 2 steps (100%) done
Complete log: /home/thomas/Desktop/Snakemake/.snakemake/log/2018-10-20T132549.977450.snakemake.log
