Building DAG of jobs...
Using shell: /bin/bash
Provided cores: 1
Rules claiming more threads will be scaled down.
Job counts:
	count	jobs
	1	blast
	1

[Sat Sep 29 19:30:55 2018]
Job 0: <-- Starting blast -->

[Sat Sep 29 19:30:55 2018]
Error in rule blast:
    jobid: 0

RuleException:
CalledProcessError in line 16 of /home/thomas/Desktop/Snakemake/Snakefile:
Command ' set -euo pipefail;  /home/thomas/miniconda3/bin/python /home/thomas/Desktop/Snakemake/.snakemake/scripts/tmpikcdb33_.blast.py ' returned non-zero exit status 1.
  File "/home/thomas/Desktop/Snakemake/Snakefile", line 16, in __rule_blast
  File "/home/thomas/miniconda3/lib/python3.6/concurrent/futures/thread.py", line 56, in run
Shutting down, this might take some time.
Exiting because a job execution failed. Look above for error message
Complete log: /home/thomas/Desktop/Snakemake/.snakemake/log/2018-09-29T193055.182011.snakemake.log
