Building DAG of jobs...
Using shell: /bin/bash
Provided cores: 1
Rules claiming more threads will be scaled down.
Job counts:
	count	jobs
	1	blast
	1	select_fasta
	2

[Sat Oct 20 16:28:22 2018]
Job 1: <-- Starting file stream from root -->

[Sat Oct 20 16:28:38 2018]
Finished job 1.
1 of 2 steps (50%) done

[Sat Oct 20 16:28:38 2018]
Job 0: <-- Starting blast -->

[Sat Oct 20 16:29:36 2018]
Finished job 0.
2 of 2 steps (100%) done
Complete log: /home/thomas/Desktop/Snakemake/.snakemake/log/2018-10-20T162822.634585.snakemake.log
