Building DAG of jobs...
Using shell: /bin/bash
Provided cores: 1
Rules claiming more threads will be scaled down.
Job counts:
	count	jobs
	1	select_fasta
	1

[Sat Sep 29 16:23:42 2018]
Job 0: <-- Starting file stream from root -->

Terminating processes on user request, this might take some time.
[Sat Sep 29 16:23:54 2018]
Error in rule select_fasta:
    jobid: 0

RuleException:
CalledProcessError in line 11 of /home/thomas/Desktop/Snakemake/Snakefile:
Command ' set -euo pipefail;  /home/thomas/miniconda3/bin/python /home/thomas/Desktop/Snakemake/.snakemake/scripts/tmpwnin4ug2.fastaloader.py ' returned non-zero exit status 1.
  File "/home/thomas/Desktop/Snakemake/Snakefile", line 11, in __rule_select_fasta
  File "/home/thomas/miniconda3/lib/python3.6/concurrent/futures/thread.py", line 56, in run
Complete log: /home/thomas/Desktop/Snakemake/.snakemake/log/2018-09-29T162342.613986.snakemake.log
