Building DAG of jobs...
Using shell: /bin/bash
Provided cores: 1
Rules claiming more threads will be scaled down.
Job counts:
	count	jobs
	1	blast
	1

[Sun Sep 30 16:42:13 2018]
Job 0: <-- Starting blast -->

Terminating processes on user request, this might take some time.
[Sun Sep 30 16:43:37 2018]
Error in rule blast:
    jobid: 0
    output: scripts/data/blast_results.out.txt, scripts/data/blast_results.complete-visual-svg.svg

RuleException:
CalledProcessError in line 23 of /home/thomas/Desktop/Snakemake/Snakefile:
Command ' set -euo pipefail;  perl services/ncbiblast_lwp.pl --email "Thom-rein97@hotmail.nl" --sequence services/sample.fa --database "uniprotkb_bacteria" --stype protein --program blastp --align 7 --alignments 100 --outfile scripts/data/blast_results ' died with <Signals.SIGINT: 2>.
  File "/home/thomas/Desktop/Snakemake/Snakefile", line 23, in __rule_blast
  File "/home/thomas/miniconda3/lib/python3.6/concurrent/futures/thread.py", line 56, in run
Complete log: /home/thomas/Desktop/Snakemake/.snakemake/log/2018-09-30T164213.147304.snakemake.log
