Building DAG of jobs...
Using shell: /bin/bash
Provided cores: 1
Rules claiming more threads will be scaled down.
Job counts:
	count	jobs
	1	all
	1

[Sun Sep 30 19:44:05 2018]
rule all:
    jobid: 0

[Sun Sep 30 19:44:05 2018]
Error in rule all:
    jobid: 0

RuleException:
CalledProcessError in line 7 of /home/thomas/Desktop/Snakemake/Snakefile:
Command ' set -euo pipefail;  select_fasta ' returned non-zero exit status 127.
  File "/home/thomas/Desktop/Snakemake/Snakefile", line 7, in __rule_all
  File "/home/thomas/miniconda3/lib/python3.6/concurrent/futures/thread.py", line 56, in run
Shutting down, this might take some time.
Exiting because a job execution failed. Look above for error message
Complete log: /home/thomas/Desktop/Snakemake/.snakemake/log/2018-09-30T194405.323814.snakemake.log
