Building DAG of jobs...
Using shell: /bin/bash
Provided cores: 1
Rules claiming more threads will be scaled down.
Job counts:
	count	jobs
	1	report
	1

[Fri Oct 19 16:56:00 2018]
Job 0: <-- Building an aesthetic overview -->

[Fri Oct 19 16:56:00 2018]
Error in rule report:
    jobid: 0
    output: report.html

RuleException:
CalledProcessError in line 47 of /home/thomas/Desktop/Snakemake/Snakefile:
Command ' set -euo pipefail;  /home/thomas/miniconda3/bin/python /home/thomas/Desktop/Snakemake/.snakemake/scripts/tmpl2qcsb8k.report_parser.py ' returned non-zero exit status 1.
  File "/home/thomas/Desktop/Snakemake/Snakefile", line 47, in __rule_report
  File "/home/thomas/miniconda3/lib/python3.6/concurrent/futures/thread.py", line 56, in run
Shutting down, this might take some time.
Exiting because a job execution failed. Look above for error message
Complete log: /home/thomas/Desktop/Snakemake/.snakemake/log/2018-10-19T165600.507451.snakemake.log
