Building DAG of jobs...
Using shell: /bin/bash
Provided cores: 1
Rules claiming more threads will be scaled down.
Job counts:
	count	jobs
	1	pubmed
	1

[Fri Oct 19 16:08:40 2018]
Job 0: <-- Starting file stream from root -->

[Fri Oct 19 16:08:40 2018]
Error in rule pubmed:
    jobid: 0

RuleException:
CalledProcessError in line 31 of /home/thomas/Desktop/Snakemake/Snakefile:
Command ' set -euo pipefail;  /home/thomas/miniconda3/bin/python /home/thomas/Desktop/Snakemake/.snakemake/scripts/tmp7y_z6k24.pubmed.py ' returned non-zero exit status 1.
  File "/home/thomas/Desktop/Snakemake/Snakefile", line 31, in __rule_pubmed
  File "/home/thomas/miniconda3/lib/python3.6/concurrent/futures/thread.py", line 56, in run
Shutting down, this might take some time.
Exiting because a job execution failed. Look above for error message
Complete log: /home/thomas/Desktop/Snakemake/.snakemake/log/2018-10-19T160840.004618.snakemake.log
