Building DAG of jobs...
Using shell: /bin/bash
Provided cores: 1
Rules claiming more threads will be scaled down.
Job counts:
	count	jobs
	1	blast
	1

[Sun Sep 30 19:37:16 2018]
Job 0: <-- Starting blast -->

[Sun Sep 30 19:37:17 2018]
Error in rule blast:
    jobid: 0
    output: scripts/data/blast_results.out.txt, scripts/data/blast_results.complete-visual-svg.svg

RuleException:
CalledProcessError in line 27 of /home/thomas/Desktop/Snakemake/Snakefile:
Command ' set -euo pipefail;  perl services/ncbiblast_lwp.pl --email "Thom-rein97@hotmail.nl" --sequence  --database "uniprotkb_bacteria" --stype protein --program blastp --align 7 --alignments 5 --outfile scripts/data/blast_results ' returned non-zero exit status 255.
  File "/home/thomas/Desktop/Snakemake/Snakefile", line 27, in __rule_blast
  File "/home/thomas/miniconda3/lib/python3.6/concurrent/futures/thread.py", line 56, in run
Shutting down, this might take some time.
Exiting because a job execution failed. Look above for error message
Complete log: /home/thomas/Desktop/Snakemake/.snakemake/log/2018-09-30T193716.799306.snakemake.log
